<?xml version="1.0" encoding="UTF-8"?>
<!-- Generated by org.testng.reporters.JUnitXMLReporter -->
<testsuite ignored="2" hostname="LAPTOP-DHFIG33S" failures="0" tests="4" name="Test" time="205.016" errors="0" timestamp="2025-08-04T20:41:00 IST">
  <testcase classname="campaign.CampaignTest" name="toCreateCampaignWithExpDateTest" time="3.692"/>
  <testcase classname="campaign.CampaignTest" name="toCreateCampaignWithMandatoryFieldsTest" time="1.344"/>
  <testcase classname="campaign.CampaignTest" name="toCreateCampaignWithStausTest" time="1.907"/>
  <testcase classname="product.ProductTest" name="toCreateProductWithMandatoryFieldsTest" time="3.277"/>
  <testcase classname="basetest.BaseClass" name="@BeforeSuite beforeSuite" time="0.0">
    <ignored/>
  </testcase> <!-- @BeforeSuite beforeSuite -->
  <testcase classname="basetest.BaseClass" name="@AfterSuite afterSuite" time="0.0">
    <ignored/>
  </testcase> <!-- @AfterSuite afterSuite -->
</testsuite> <!-- Test -->
