<?xml version="1.0" encoding="UTF-8"?>
<testng-results ignored="0" total="4" passed="4" failed="0" skipped="0">
  <reporter-output>
  </reporter-output>
  <suite started-at="2025-08-04T20:37:35 IST" name="Suite" finished-at="2025-08-04T20:41:00 IST" duration-ms="205016">
    <groups>
      <group name="regression">
        <method signature="CampaignTest.toCreateCampaignWithExpDateTest()[pri:0, instance:campaign.CampaignTest@55fe41ea]" name="toCreateCampaignWithExpDateTest" class="campaign.CampaignTest"/>
      </group> <!-- regression -->
      <group name="smoke">
        <method signature="CampaignTest.toCreateCampaignWithMandatoryFieldsTest()[pri:0, instance:campaign.CampaignTest@55fe41ea]" name="toCreateCampaignWithMandatoryFieldsTest" class="campaign.CampaignTest"/>
        <method signature="CampaignTest.toCreateCampaignWithStausTest()[pri:0, instance:campaign.CampaignTest@55fe41ea]" name="toCreateCampaignWithStausTest" class="campaign.CampaignTest"/>
        <method signature="ProductTest.toCreateProductWithMandatoryFieldsTest()[pri:0, instance:product.ProductTest@2aceadd4]" name="toCreateProductWithMandatoryFieldsTest" class="product.ProductTest"/>
      </group> <!-- smoke -->
    </groups>
    <test started-at="2025-08-04T20:37:35 IST" name="Test" finished-at="2025-08-04T20:41:00 IST" duration-ms="205016">
      <class name="product.ProductTest">
        <test-method is-config="true" signature="beforeClass()[pri:0, instance:product.ProductTest@2aceadd4]" started-at="2025-08-04T20:39:15 IST" name="beforeClass" finished-at="2025-08-04T20:39:16 IST" duration-ms="1299" status="PASS">
          <reporter-output>
          </reporter-output>
        </test-method> <!-- beforeClass -->
        <test-method is-config="true" signature="beforeMethod()[pri:0, instance:product.ProductTest@2aceadd4]" started-at="2025-08-04T20:39:16 IST" name="beforeMethod" finished-at="2025-08-04T20:40:25 IST" duration-ms="68965" status="PASS">
          <reporter-output>
          </reporter-output>
        </test-method> <!-- beforeMethod -->
        <test-method signature="toCreateProductWithMandatoryFieldsTest()[pri:0, instance:product.ProductTest@2aceadd4]" started-at="2025-08-04T20:40:25 IST" name="toCreateProductWithMandatoryFieldsTest" finished-at="2025-08-04T20:40:28 IST" duration-ms="3277" status="PASS">
          <reporter-output>
          </reporter-output>
        </test-method> <!-- toCreateProductWithMandatoryFieldsTest -->
        <test-method is-config="true" signature="afterMethod()[pri:0, instance:product.ProductTest@2aceadd4]" started-at="2025-08-04T20:40:28 IST" name="afterMethod" finished-at="2025-08-04T20:40:59 IST" duration-ms="30928" status="PASS">
          <reporter-output>
          </reporter-output>
        </test-method> <!-- afterMethod -->
        <test-method is-config="true" signature="afterClass()[pri:0, instance:product.ProductTest@2aceadd4]" started-at="2025-08-04T20:40:59 IST" name="afterClass" finished-at="2025-08-04T20:41:00 IST" duration-ms="396" status="PASS">
          <reporter-output>
          </reporter-output>
        </test-method> <!-- afterClass -->
      </class> <!-- product.ProductTest -->
      <class name="campaign.CampaignTest">
        <test-method is-config="true" signature="beforeSuite()[pri:0, instance:campaign.CampaignTest@55fe41ea]" started-at="2025-08-04T20:37:35 IST" name="beforeSuite" finished-at="2025-08-04T20:37:35 IST" duration-ms="13" status="PASS">
          <reporter-output>
          </reporter-output>
        </test-method> <!-- beforeSuite -->
        <test-method is-config="true" signature="beforeClass()[pri:0, instance:campaign.CampaignTest@55fe41ea]" started-at="2025-08-04T20:37:35 IST" name="beforeClass" finished-at="2025-08-04T20:37:37 IST" duration-ms="1814" status="PASS">
          <reporter-output>
          </reporter-output>
        </test-method> <!-- beforeClass -->
        <test-method is-config="true" signature="beforeMethod()[pri:0, instance:campaign.CampaignTest@55fe41ea]" started-at="2025-08-04T20:37:37 IST" name="beforeMethod" finished-at="2025-08-04T20:37:49 IST" duration-ms="12347" status="PASS">
          <reporter-output>
          </reporter-output>
        </test-method> <!-- beforeMethod -->
        <test-method signature="toCreateCampaignWithExpDateTest()[pri:0, instance:campaign.CampaignTest@55fe41ea]" started-at="2025-08-04T20:37:49 IST" name="toCreateCampaignWithExpDateTest" finished-at="2025-08-04T20:37:53 IST" duration-ms="3692" status="PASS">
          <reporter-output>
          </reporter-output>
        </test-method> <!-- toCreateCampaignWithExpDateTest -->
        <test-method is-config="true" signature="afterMethod()[pri:0, instance:campaign.CampaignTest@55fe41ea]" started-at="2025-08-04T20:37:53 IST" name="afterMethod" finished-at="2025-08-04T20:38:00 IST" duration-ms="7583" status="PASS">
          <reporter-output>
          </reporter-output>
        </test-method> <!-- afterMethod -->
        <test-method is-config="true" signature="beforeMethod()[pri:0, instance:campaign.CampaignTest@55fe41ea]" started-at="2025-08-04T20:38:00 IST" name="beforeMethod" finished-at="2025-08-04T20:38:44 IST" duration-ms="44243" status="PASS">
          <reporter-output>
          </reporter-output>
        </test-method> <!-- beforeMethod -->
        <test-method signature="toCreateCampaignWithMandatoryFieldsTest()[pri:0, instance:campaign.CampaignTest@55fe41ea]" started-at="2025-08-04T20:38:44 IST" name="toCreateCampaignWithMandatoryFieldsTest" finished-at="2025-08-04T20:38:46 IST" duration-ms="1344" status="PASS">
          <reporter-output>
          </reporter-output>
        </test-method> <!-- toCreateCampaignWithMandatoryFieldsTest -->
        <test-method is-config="true" signature="afterMethod()[pri:0, instance:campaign.CampaignTest@55fe41ea]" started-at="2025-08-04T20:38:46 IST" name="afterMethod" finished-at="2025-08-04T20:38:53 IST" duration-ms="7454" status="PASS">
          <reporter-output>
          </reporter-output>
        </test-method> <!-- afterMethod -->
        <test-method is-config="true" signature="beforeMethod()[pri:0, instance:campaign.CampaignTest@55fe41ea]" started-at="2025-08-04T20:38:53 IST" name="beforeMethod" finished-at="2025-08-04T20:39:09 IST" duration-ms="15473" status="PASS">
          <reporter-output>
          </reporter-output>
        </test-method> <!-- beforeMethod -->
        <test-method signature="toCreateCampaignWithStausTest()[pri:0, instance:campaign.CampaignTest@55fe41ea]" started-at="2025-08-04T20:39:09 IST" name="toCreateCampaignWithStausTest" finished-at="2025-08-04T20:39:11 IST" duration-ms="1907" status="PASS">
          <reporter-output>
          </reporter-output>
        </test-method> <!-- toCreateCampaignWithStausTest -->
        <test-method is-config="true" signature="afterMethod()[pri:0, instance:campaign.CampaignTest@55fe41ea]" started-at="2025-08-04T20:39:11 IST" name="afterMethod" finished-at="2025-08-04T20:39:15 IST" duration-ms="3936" status="PASS">
          <reporter-output>
          </reporter-output>
        </test-method> <!-- afterMethod -->
        <test-method is-config="true" signature="afterClass()[pri:0, instance:campaign.CampaignTest@55fe41ea]" started-at="2025-08-04T20:39:15 IST" name="afterClass" finished-at="2025-08-04T20:39:15 IST" duration-ms="288" status="PASS">
          <reporter-output>
          </reporter-output>
        </test-method> <!-- afterClass -->
        <test-method is-config="true" signature="afterSuite()[pri:0, instance:campaign.CampaignTest@55fe41ea]" started-at="2025-08-04T20:41:00 IST" name="afterSuite" finished-at="2025-08-04T20:41:00 IST" duration-ms="0" status="PASS">
          <reporter-output>
          </reporter-output>
        </test-method> <!-- afterSuite -->
      </class> <!-- campaign.CampaignTest -->
    </test> <!-- Test -->
  </suite> <!-- Suite -->
</testng-results>
